<?xml version="1.0" encoding="UTF-8"?>
<!-- Generated by org.testng.reporters.JUnitXMLReporter -->
<testsuite hostname="DESKTOP-A74UFH0" ignored="0" name="Surefire test" tests="1" failures="1" timestamp="2023-03-10T22:08:59 EST" time="6.37" errors="0">
  <testcase name="runScenario" time="5.952" classname="io.cucumber.testng.AbstractTestNGCucumberTests">
    <failure type="java.lang.AssertionError" message="expected [Update Profile] but found [Sign In]">
      <![CDATA[java.lang.AssertionError: expected [Update Profile] but found [Sign In]
at stepDef.LoginSteps.userShouldBeAbleToLogInSuccessfully(LoginSteps.java:43)
at ✽.user should be able to log in successfully(file:///C:/Users/anozi/Documents/Automation-Hasan/HW_01/src/test/java/features/login.feature:9)
... Removed 6 stack frames]]>
    </failure>
  </testcase> <!-- runScenario -->
</testsuite> <!-- Surefire test -->
